Using pre-set license
Built from '2021.3/staging' branch; Version is '2021.3.25f1 (68ef2c4f8861) revision 6876972'; Using compiler version '192829333'; Build Type 'Release'
OS: 'Windows 10  (10.0.19045) 64bit Professional' Language: 'en' Physical Memory: 8072 MB
BatchMode: 1, IsHumanControllingUs: 0, StartBugReporterOnCrash: 0, Is64bit: 1, IsPro: 1

COMMAND LINE ARGUMENTS:
C:\Program Files\Unity\Hub\Editor\2021.3.25f1\Editor\Unity.exe
-adb2
-batchMode
-noUpm
-name
AssetImportWorker0
-projectPath
C:/Users/user/Desktop/Apocalypse-Deadlock/Apocalypse Deadlock
-logFile
Logs/AssetImportWorker0.log
-srvPort
50602
Successfully changed project path to: C:/Users/user/Desktop/Apocalypse-Deadlock/Apocalypse Deadlock
C:/Users/user/Desktop/Apocalypse-Deadlock/Apocalypse Deadlock
[UnityMemory] Configuration Parameters - Can be set up in boot.config
    "memorysetup-bucket-allocator-granularity=16"
    "memorysetup-bucket-allocator-bucket-count=8"
    "memorysetup-bucket-allocator-block-size=33554432"
    "memorysetup-bucket-allocator-block-count=8"
    "memorysetup-main-allocator-block-size=16777216"
    "memorysetup-thread-allocator-block-size=16777216"
    "memorysetup-gfx-main-allocator-block-size=16777216"
    "memorysetup-gfx-thread-allocator-block-size=16777216"
    "memorysetup-cache-allocator-block-size=4194304"
    "memorysetup-typetree-allocator-block-size=2097152"
    "memorysetup-profiler-bucket-allocator-granularity=16"
    "memorysetup-profiler-bucket-allocator-bucket-count=8"
    "memorysetup-profiler-bucket-allocator-block-size=33554432"
    "memorysetup-profiler-bucket-allocator-block-count=8"
    "memorysetup-profiler-allocator-block-size=16777216"
    "memorysetup-profiler-editor-allocator-block-size=1048576"
    "memorysetup-temp-allocator-size-main=16777216"
    "memorysetup-job-temp-allocator-block-size=2097152"
    "memorysetup-job-temp-allocator-block-size-background=1048576"
    "memorysetup-job-temp-allocator-reduction-small-platforms=262144"
    "memorysetup-temp-allocator-size-background-worker=32768"
    "memorysetup-temp-allocator-size-job-worker=262144"
    "memorysetup-temp-allocator-size-preload-manager=33554432"
    "memorysetup-temp-allocator-size-nav-mesh-worker=65536"
    "memorysetup-temp-allocator-size-audio-worker=65536"
    "memorysetup-temp-allocator-size-cloud-worker=32768"
    "memorysetup-temp-allocator-size-gi-baking-worker=262144"
    "memorysetup-temp-allocator-size-gfx=262144"
Player connection [10324] Host "[IP] 192.168.1.7 [Port] 0 [Flags] 2 [Guid] 4055430674 [EditorId] 4055430674 [Version] 1048832 [Id] WindowsEditor(7,DESKTOP-DRFPVTS) [Debug] 1 [PackageName] WindowsEditor [ProjectName] Editor" joined multi-casting on [225.0.0.222:54997]...

Player connection [10324] Host "[IP] 192.168.1.7 [Port] 0 [Flags] 2 [Guid] 4055430674 [EditorId] 4055430674 [Version] 1048832 [Id] WindowsEditor(7,DESKTOP-DRFPVTS) [Debug] 1 [PackageName] WindowsEditor [ProjectName] Editor" joined alternative multi-casting on [225.0.0.222:34997]...

Refreshing native plugins compatible for Editor in 561.21 ms, found 3 plugins.
Preloading 0 native plugins for Editor in 0.00 ms.
Initialize engine version: 2021.3.25f1 (68ef2c4f8861)
[Subsystems] Discovering subsystems at path C:/Program Files/Unity/Hub/Editor/2021.3.25f1/Editor/Data/Resources/UnitySubsystems
[Subsystems] Discovering subsystems at path C:/Users/user/Desktop/Apocalypse-Deadlock/Apocalypse Deadlock/Assets
GfxDevice: creating device client; threaded=0; jobified=0
Direct3D:
    Version:  Direct3D 11.0 [level 11.1]
    Renderer: Intel(R) HD Graphics 520 (ID=0x1916)
    Vendor:   Intel
    VRAM:     4036 MB
    Driver:   31.0.101.2111
Initialize mono
Mono path[0] = 'C:/Program Files/Unity/Hub/Editor/2021.3.25f1/Editor/Data/Managed'
Mono path[1] = 'C:/Program Files/Unity/Hub/Editor/2021.3.25f1/Editor/Data/MonoBleedingEdge/lib/mono/unityjit-win32'
Mono config path = 'C:/Program Files/Unity/Hub/Editor/2021.3.25f1/Editor/Data/MonoBleedingEdge/etc'
Using monoOptions --debugger-agent=transport=dt_socket,embedding=1,server=y,suspend=n,address=127.0.0.1:56500
Begin MonoManager ReloadAssembly
Registering precompiled unity dll's ...
Register platform support module: C:/Program Files/Unity/Hub/Editor/2021.3.25f1/Editor/Data/PlaybackEngines/WindowsStandaloneSupport/UnityEditor.WindowsStandalone.Extensions.dll
Registered in 0.020766 seconds.
Native extension for WindowsStandalone target not found
Refreshing native plugins compatible for Editor in 383.48 ms, found 3 plugins.
Preloading 0 native plugins for Editor in 0.00 ms.
Mono: successfully reloaded assembly
- Completed reload, in  2.684 seconds
Domain Reload Profiling:
	ReloadAssembly (2686ms)
		BeginReloadAssembly (359ms)
			ExecutionOrderSort (0ms)
			DisableScriptedObjects (0ms)
			BackupInstance (0ms)
			ReleaseScriptingObjects (0ms)
			CreateAndSetChildDomain (2ms)
		EndReloadAssembly (1918ms)
			LoadAssemblies (354ms)
			RebuildTransferFunctionScriptingTraits (0ms)
			SetupTypeCache (453ms)
			ReleaseScriptCaches (0ms)
			RebuildScriptCaches (130ms)
			SetupLoadedEditorAssemblies (1125ms)
				LogAssemblyErrors (0ms)
				InitializePlatformSupportModulesInManaged (30ms)
				SetLoadedEditorAssemblies (1ms)
				RefreshPlugins (384ms)
				BeforeProcessingInitializeOnLoad (5ms)
				ProcessInitializeOnLoadAttributes (525ms)
				ProcessInitializeOnLoadMethodAttributes (181ms)
				AfterProcessingInitializeOnLoad (0ms)
				EditorAssembliesLoaded (0ms)
			ExecutionOrderSort2 (0ms)
			AwakeInstancesAfterBackupRestoration (0ms)
Platform modules already initialized, skipping
Registering precompiled user dll's ...
Registered in 0.018276 seconds.
Begin MonoManager ReloadAssembly
Symbol file LoadedFromMemory doesn't match image C:\Users\user\Desktop\Apocalypse-Deadlock\Apocalypse Deadlock\Library\PackageCache\com.unity.visualscripting@1.8.0\Editor\VisualScripting.Core\Dependencies\YamlDotNet\Unity.VisualScripting.YamlDotNet.dll
Symbol file LoadedFromMemory doesn't match image C:\Users\user\Desktop\Apocalypse-Deadlock\Apocalypse Deadlock\Library\PackageCache\com.unity.visualscripting@1.8.0\Editor\VisualScripting.Core\Dependencies\DotNetZip\Unity.VisualScripting.IonicZip.dll
Native extension for WindowsStandalone target not found
Refreshing native plugins compatible for Editor in 2.03 ms, found 3 plugins.
Preloading 0 native plugins for Editor in 0.00 ms.
Mono: successfully reloaded assembly
Package Manager log level set to [2]
- Completed reload, in  3.575 seconds
Domain Reload Profiling:
	ReloadAssembly (3577ms)
		BeginReloadAssembly (464ms)
			ExecutionOrderSort (0ms)
			DisableScriptedObjects (25ms)
			BackupInstance (0ms)
			ReleaseScriptingObjects (0ms)
			CreateAndSetChildDomain (57ms)
		EndReloadAssembly (2717ms)
			LoadAssemblies (333ms)
			RebuildTransferFunctionScriptingTraits (0ms)
			SetupTypeCache (856ms)
			ReleaseScriptCaches (1ms)
			RebuildScriptCaches (167ms)
			SetupLoadedEditorAssemblies (1261ms)
				LogAssemblyErrors (0ms)
				InitializePlatformSupportModulesInManaged (22ms)
				SetLoadedEditorAssemblies (2ms)
				RefreshPlugins (2ms)
				BeforeProcessingInitializeOnLoad (330ms)
				ProcessInitializeOnLoadAttributes (809ms)
				ProcessInitializeOnLoadMethodAttributes (64ms)
				AfterProcessingInitializeOnLoad (32ms)
				EditorAssembliesLoaded (0ms)
			ExecutionOrderSort2 (0ms)
			AwakeInstancesAfterBackupRestoration (22ms)
Platform modules already initialized, skipping
========================================================================
Worker process is ready to serve import requests
Launched and connected shader compiler UnityShaderCompiler.exe after 0.15 seconds
Refreshing native plugins compatible for Editor in 1.87 ms, found 3 plugins.
Preloading 0 native plugins for Editor in 0.00 ms.
Unloading 3166 Unused Serialized files (Serialized files now loaded: 0)
Unloading 37 unused Assets / (88.3 KB). Loaded Objects now: 3633.
Memory consumption went from 124.1 MB to 124.0 MB.
Total: 11.659700 ms (FindLiveObjects: 0.621900 ms CreateObjectMapping: 0.416100 ms MarkObjects: 10.358400 ms  DeleteObjects: 0.260600 ms)

AssetImportParameters requested are different than current active one (requested -> active):
  custom:video-decoder-ogg-theora: a1e56fd34408186e4bbccfd4996cb3dc -> 
  custom:container-muxer-webm: aa71ff27fc2769a1b78a27578f13a17b -> 
  custom:container-demuxer-webm: 4f35f7cbe854078d1ac9338744f61a02 -> 
  custom:video-encoder-webm-vp8: eb34c28f22e8b96e1ab97ce403110664 -> 
  custom:audio-encoder-webm-vorbis: bf7c407c2cedff20999df2af8eb42d56 -> 
  custom:framework-win-MediaFoundation: 216162199b28c13a410421893ffa2e32 -> 
  custom:container-demuxer-ogg: 62fdf1f143b41e24485cea50d1cbac27 -> 
  custom:video-decoder-webm-vp8: 9c59270c3fd7afecdb556c50c9e8de78 -> 
  custom:audio-decoder-ogg-vorbis: bf7c407c2cedff20999df2af8eb42d56 -> 
========================================================================
Received Import Request.
  Time since last request: 1371615.099359 seconds.
  path: Assets/Readme.asset
  artifactKey: Guid(7f2c382dc2c22446db59030979f6e495) Importer(815301076,1909f56bfc062723c751e8b465ee728b)
Start importing Assets/Readme.asset using Guid(7f2c382dc2c22446db59030979f6e495) Importer(815301076,1909f56bfc062723c751e8b465ee728b)  -> (artifact id: '3d17a924c9111fcd8d46c2db1ebc9921') in 0.154272 seconds 
========================================================================
Received Import Request.
  Time since last request: 573.585457 seconds.
  path: Assets/LowPolySoldiers_demo/models
  artifactKey: Guid(0506bb23bf5d60c40a67cfeb41e7b064) Importer(815301076,1909f56bfc062723c751e8b465ee728b)
Start importing Assets/LowPolySoldiers_demo/models using Guid(0506bb23bf5d60c40a67cfeb41e7b064) Importer(815301076,1909f56bfc062723c751e8b465ee728b)  -> (artifact id: '6b35b5a35a66a4f92f082c53884dc86f') in 0.039202 seconds 
========================================================================
Received Import Request.
  Time since last request: 0.079533 seconds.
  path: Assets/LowPolySoldiers_demo/models/Soldier_demo.FBX
  artifactKey: Guid(fcb334eb247ae3e488abb081c847cf09) Importer(815301076,1909f56bfc062723c751e8b465ee728b)
Start importing Assets/LowPolySoldiers_demo/models/Soldier_demo.FBX using Guid(fcb334eb247ae3e488abb081c847cf09) Importer(815301076,1909f56bfc062723c751e8b465ee728b)  -> (artifact id: 'd302f7141ae7a6c53b86fc3710c65848') in 1.241564 seconds 
========================================================================
Received Import Request.
  Time since last request: 1.929046 seconds.
  path: Assets/LowPolySoldiers_demo/models/Materials
  artifactKey: Guid(e9e6ecf9c1d0da4428ad4b75d884dcfe) Importer(815301076,1909f56bfc062723c751e8b465ee728b)
Start importing Assets/LowPolySoldiers_demo/models/Materials using Guid(e9e6ecf9c1d0da4428ad4b75d884dcfe) Importer(815301076,1909f56bfc062723c751e8b465ee728b)  -> (artifact id: '65341d979d3089ed9095f211da6b4c9c') in 0.036444 seconds 
========================================================================
Received Import Request.
  Time since last request: 1.480195 seconds.
  path: Assets/LowPolySoldiers_demo/models/Materials/demo_soldier_512.mat
  artifactKey: Guid(69c0fd068809d2a4cafbb12fd8e38326) Importer(815301076,1909f56bfc062723c751e8b465ee728b)
Start importing Assets/LowPolySoldiers_demo/models/Materials/demo_soldier_512.mat using Guid(69c0fd068809d2a4cafbb12fd8e38326) Importer(815301076,1909f56bfc062723c751e8b465ee728b)  -> (artifact id: '2055ca4409ba11a7b5ab5bcfefd4e6fb') in 0.141570 seconds 
========================================================================
Received Import Request.
  Time since last request: 0.000045 seconds.
  path: Assets/LowPolySoldiers_demo/models/Materials/demo_weapon.mat
  artifactKey: Guid(f1ffde0cab3b53e4b8db6c78d825b21a) Importer(815301076,1909f56bfc062723c751e8b465ee728b)
Start importing Assets/LowPolySoldiers_demo/models/Materials/demo_weapon.mat using Guid(f1ffde0cab3b53e4b8db6c78d825b21a) Importer(815301076,1909f56bfc062723c751e8b465ee728b)  -> (artifact id: 'f2db068adb7e0193d2799322af1271e9') in 0.136379 seconds 
========================================================================
Received Import Request.
  Time since last request: 0.000138 seconds.
  path: Assets/LowPolySoldiers_demo/models/Materials/demo_weapon.tga
  artifactKey: Guid(cdc2f2cf3b64f884e88745604d95f11f) Importer(815301076,1909f56bfc062723c751e8b465ee728b)
Start importing Assets/LowPolySoldiers_demo/models/Materials/demo_weapon.tga using Guid(cdc2f2cf3b64f884e88745604d95f11f) Importer(815301076,1909f56bfc062723c751e8b465ee728b)  -> (artifact id: '4c2943c5d066e6a50182de82d9765211') in 0.084169 seconds 
========================================================================
Received Import Request.
  Time since last request: 5.568156 seconds.
  path: Assets/LowPolySoldiers_demo/animation
  artifactKey: Guid(1f84fcab436343c4e8deee1cfd902366) Importer(815301076,1909f56bfc062723c751e8b465ee728b)
Start importing Assets/LowPolySoldiers_demo/animation using Guid(1f84fcab436343c4e8deee1cfd902366) Importer(815301076,1909f56bfc062723c751e8b465ee728b)  -> (artifact id: '1970b3dc109b4ee06c815cde21d0a69e') in 0.044072 seconds 
========================================================================
Received Import Request.
  Time since last request: 0.053929 seconds.
  path: Assets/LowPolySoldiers_demo/animation/demo_combat_idle.FBX
  artifactKey: Guid(47c000e8e166f14429b339a7adc36151) Importer(815301076,1909f56bfc062723c751e8b465ee728b)
Start importing Assets/LowPolySoldiers_demo/animation/demo_combat_idle.FBX using Guid(47c000e8e166f14429b339a7adc36151) Importer(815301076,1909f56bfc062723c751e8b465ee728b)  -> (artifact id: 'ce33a05314abaf8dba354efc62361c4b') in 0.030702 seconds 
========================================================================
Received Import Request.
  Time since last request: 0.000080 seconds.
  path: Assets/LowPolySoldiers_demo/animation/demo_combat_shoot.FBX
  artifactKey: Guid(9f53ab04fc057a8448d43ff8001f3d2f) Importer(815301076,1909f56bfc062723c751e8b465ee728b)
Start importing Assets/LowPolySoldiers_demo/animation/demo_combat_shoot.FBX using Guid(9f53ab04fc057a8448d43ff8001f3d2f) Importer(815301076,1909f56bfc062723c751e8b465ee728b)  -> (artifact id: '4e082f1a040a804e26dc4836ab463f68') in 0.079561 seconds 
========================================================================
Received Prepare
Registering precompiled user dll's ...
Registered in 0.012709 seconds.
Begin MonoManager ReloadAssembly
Symbol file LoadedFromMemory doesn't match image C:\Users\user\Desktop\Apocalypse-Deadlock\Apocalypse Deadlock\Library\PackageCache\com.unity.visualscripting@1.8.0\Editor\VisualScripting.Core\Dependencies\YamlDotNet\Unity.VisualScripting.YamlDotNet.dll
Symbol file LoadedFromMemory doesn't match image C:\Users\user\Desktop\Apocalypse-Deadlock\Apocalypse Deadlock\Library\PackageCache\com.unity.visualscripting@1.8.0\Editor\VisualScripting.Core\Dependencies\DotNetZip\Unity.VisualScripting.IonicZip.dll
Native extension for WindowsStandalone target not found
Refreshing native plugins compatible for Editor in 3.87 ms, found 3 plugins.
Preloading 0 native plugins for Editor in 0.00 ms.
Mono: successfully reloaded assembly
- Completed reload, in 10.294 seconds
Domain Reload Profiling:
	ReloadAssembly (10301ms)
		BeginReloadAssembly (452ms)
			ExecutionOrderSort (0ms)
			DisableScriptedObjects (10ms)
			BackupInstance (0ms)
			ReleaseScriptingObjects (0ms)
			CreateAndSetChildDomain (123ms)
		EndReloadAssembly (8802ms)
			LoadAssemblies (457ms)
			RebuildTransferFunctionScriptingTraits (1ms)
			SetupTypeCache (2991ms)
			ReleaseScriptCaches (5ms)
			RebuildScriptCaches (353ms)
			SetupLoadedEditorAssemblies (3704ms)
				LogAssemblyErrors (0ms)
				InitializePlatformSupportModulesInManaged (56ms)
				SetLoadedEditorAssemblies (3ms)
				RefreshPlugins (4ms)
				BeforeProcessingInitializeOnLoad (702ms)
				ProcessInitializeOnLoadAttributes (2520ms)
				ProcessInitializeOnLoadMethodAttributes (297ms)
				AfterProcessingInitializeOnLoad (119ms)
				EditorAssembliesLoaded (2ms)
			ExecutionOrderSort2 (0ms)
			AwakeInstancesAfterBackupRestoration (100ms)
Platform modules already initialized, skipping
Refreshing native plugins compatible for Editor in 11.77 ms, found 3 plugins.
Preloading 0 native plugins for Editor in 0.00 ms.
Unloading 3159 Unused Serialized files (Serialized files now loaded: 0)
Unloading 30 unused Assets / (55.6 KB). Loaded Objects now: 3684.
Memory consumption went from 141.4 MB to 141.3 MB.
Total: 8.030900 ms (FindLiveObjects: 0.535700 ms CreateObjectMapping: 0.450600 ms MarkObjects: 6.873400 ms  DeleteObjects: 0.169000 ms)

AssetImportParameters requested are different than current active one (requested -> active):
  custom:video-decoder-ogg-theora: a1e56fd34408186e4bbccfd4996cb3dc -> 
  custom:container-muxer-webm: aa71ff27fc2769a1b78a27578f13a17b -> 
  custom:container-demuxer-webm: 4f35f7cbe854078d1ac9338744f61a02 -> 
  custom:video-encoder-webm-vp8: eb34c28f22e8b96e1ab97ce403110664 -> 
  custom:audio-encoder-webm-vorbis: bf7c407c2cedff20999df2af8eb42d56 -> 
  custom:framework-win-MediaFoundation: 216162199b28c13a410421893ffa2e32 -> 
  custom:container-demuxer-ogg: 62fdf1f143b41e24485cea50d1cbac27 -> 
  custom:video-decoder-webm-vp8: 9c59270c3fd7afecdb556c50c9e8de78 -> 
  custom:audio-decoder-ogg-vorbis: bf7c407c2cedff20999df2af8eb42d56 -> 
